<?xml version="1.0" encoding="UTF-8"?>
<testng-results skipped="0" failed="0" ignored="0" total="1" passed="1">
  <reporter-output>
  </reporter-output>
  <suite name="Suite" duration-ms="42701" started-at="2018-12-29T01:43:44Z" finished-at="2018-12-29T01:44:27Z">
    <groups>
    </groups>
    <test name="Test" duration-ms="42701" started-at="2018-12-29T01:43:44Z" finished-at="2018-12-29T01:44:27Z">
      <class name="testcases.PlaceOrderTest">
        <test-method status="PASS" signature="init()[pri:0, instance:testcases.PlaceOrderTest@53b32d7]" name="init" is-config="true" duration-ms="25430" started-at="2018-12-29T01:43:19Z" finished-at="2018-12-29T01:43:44Z">
          <reporter-output>
          </reporter-output>
        </test-method> <!-- init -->
        <test-method status="PASS" signature="placeOrderByCOD()[pri:0, instance:testcases.PlaceOrderTest@53b32d7]" name="placeOrderByCOD" duration-ms="42674" started-at="2018-12-29T01:43:44Z" finished-at="2018-12-29T01:44:27Z">
          <reporter-output>
          </reporter-output>
        </test-method> <!-- placeOrderByCOD -->
        <test-method status="PASS" signature="getResult(org.testng.ITestResult)[pri:0, instance:testcases.PlaceOrderTest@53b32d7]" name="getResult" is-config="true" duration-ms="2" started-at="2018-12-29T01:44:27Z" finished-at="2018-12-29T01:44:27Z">
          <params>
            <param index="0">
              <value>
                <![CDATA[[TestResult name=placeOrderByCOD status=SUCCESS method=PlaceOrderTest.placeOrderByCOD()[pri:0, instance:testcases.PlaceOrderTest@53b32d7] output={null}]]]>
              </value>
            </param>
          </params>
          <reporter-output>
          </reporter-output>
        </test-method> <!-- getResult -->
        <test-method status="PASS" signature="tearDown()[pri:0, instance:testcases.PlaceOrderTest@53b32d7]" name="tearDown" is-config="true" duration-ms="6379" started-at="2018-12-29T01:44:27Z" finished-at="2018-12-29T01:44:33Z">
          <reporter-output>
          </reporter-output>
        </test-method> <!-- tearDown -->
      </class> <!-- testcases.PlaceOrderTest -->
    </test> <!-- Test -->
  </suite> <!-- Suite -->
</testng-results>
