<?xml version="1.0" encoding="UTF-8"?>
<testng-results skipped="0" failed="0" ignored="0" total="1" passed="1">
  <reporter-output>
  </reporter-output>
  <suite name="Suite" duration-ms="29336" started-at="2018-12-28T01:39:11Z" finished-at="2018-12-28T01:39:41Z">
    <groups>
    </groups>
    <test name="Test" duration-ms="29336" started-at="2018-12-28T01:39:11Z" finished-at="2018-12-28T01:39:41Z">
      <class name="testcases.PlaceOrderTest">
        <test-method status="PASS" signature="init()[pri:0, instance:testcases.PlaceOrderTest@2096442d]" name="init" is-config="true" duration-ms="13455" started-at="2018-12-28T01:38:58Z" finished-at="2018-12-28T01:39:11Z">
          <reporter-output>
          </reporter-output>
        </test-method> <!-- init -->
        <test-method status="PASS" signature="placeOrderByCOD()[pri:0, instance:testcases.PlaceOrderTest@2096442d]" name="placeOrderByCOD" duration-ms="29316" started-at="2018-12-28T01:39:11Z" finished-at="2018-12-28T01:39:41Z">
          <reporter-output>
          </reporter-output>
        </test-method> <!-- placeOrderByCOD -->
        <test-method status="PASS" signature="getResult(org.testng.ITestResult)[pri:0, instance:testcases.PlaceOrderTest@2096442d]" name="getResult" is-config="true" duration-ms="2" started-at="2018-12-28T01:39:41Z" finished-at="2018-12-28T01:39:41Z">
          <params>
            <param index="0">
              <value>
                <![CDATA[[TestResult name=placeOrderByCOD status=SUCCESS method=PlaceOrderTest.placeOrderByCOD()[pri:0, instance:testcases.PlaceOrderTest@2096442d] output={null}]]]>
              </value>
            </param>
          </params>
          <reporter-output>
          </reporter-output>
        </test-method> <!-- getResult -->
        <test-method status="PASS" signature="tearDown()[pri:0, instance:testcases.PlaceOrderTest@2096442d]" name="tearDown" is-config="true" duration-ms="6126" started-at="2018-12-28T01:39:41Z" finished-at="2018-12-28T01:39:47Z">
          <reporter-output>
          </reporter-output>
        </test-method> <!-- tearDown -->
      </class> <!-- testcases.PlaceOrderTest -->
    </test> <!-- Test -->
  </suite> <!-- Suite -->
</testng-results>
